<?xml version="1.0" encoding="UTF-8"?>
<!-- Generated by org.testng.reporters.JUnitReportReporter -->
<testsuite hostname="Rakeshs-MacBook-Air.local" failures="0" tests="21" name="Testcases.ULC5BT_Ultimaconnect" time="635.866" errors="0" timestamp="2025-02-17T16:25:52 IST" skipped="0">
  <testcase classname="Testcases.ULC5BT_Ultimaconnect" name="Watch_Connection" time="108.339"/>
  <testcase classname="Testcases.ULC5BT_Ultimaconnect" name="Home_dasboard_components_Check" time="6.181"/>
  <testcase classname="Testcases.ULC5BT_Ultimaconnect" name="Settings_Features_Display_Check" time="32.960"/>
  <testcase classname="Testcases.ULC5BT_Ultimaconnect" name="Watch_faces" time="11.585"/>
  <testcase classname="Testcases.ULC5BT_Ultimaconnect" name="HR" time="7.903"/>
  <testcase classname="Testcases.ULC5BT_Ultimaconnect" name="sedentary_reminder" time="8.698"/>
  <testcase classname="Testcases.ULC5BT_Ultimaconnect" name="Alarm" time="25.097"/>
  <testcase classname="Testcases.ULC5BT_Ultimaconnect" name="Nudge" time="9.411"/>
  <testcase classname="Testcases.ULC5BT_Ultimaconnect" name="Find_My_watch" time="5.439"/>
  <testcase classname="Testcases.ULC5BT_Ultimaconnect" name="Bluetooth_calling" time="4.226"/>
  <testcase classname="Testcases.ULC5BT_Ultimaconnect" name="QR" time="54.920"/>
  <testcase classname="Testcases.ULC5BT_Ultimaconnect" name="Notifications" time="11.765"/>
  <testcase classname="Testcases.ULC5BT_Ultimaconnect" name="Watch_control" time="25.574"/>
  <testcase classname="Testcases.ULC5BT_Ultimaconnect" name="About_Watch" time="3.936"/>
  <testcase classname="Testcases.ULC5BT_Ultimaconnect" name="System_settings" time="17.915"/>
  <testcase classname="Testcases.ULC5BT_Ultimaconnect" name="vitals" time="94.939"/>
  <testcase classname="Testcases.ULC5BT_Ultimaconnect" name="My_watch" time="55.708"/>
  <testcase classname="Testcases.ULC5BT_Ultimaconnect" name="profile" time="49.400"/>
  <testcase classname="Testcases.ULC5BT_Ultimaconnect" name="WatchFaceStudio" time="89.124"/>
  <testcase classname="Testcases.ULC5BT_Ultimaconnect" name="watch_disconnection" time="10.331"/>
  <testcase classname="Testcases.ULC5BT_Ultimaconnect" name="watch_list_screen_display_check_after_disconnection" time="2.415"/>
</testsuite> <!-- Testcases.ULC5BT_Ultimaconnect -->
