<?xml version="1.0" encoding="UTF-8"?>
<!-- Generated by org.testng.reporters.JUnitReportReporter -->
<testsuite hostname="Rakeshs-MacBook-Air.local" failures="0" tests="1" name="iosautomation.Appium.Login" time="68.439" errors="0" timestamp="2025-01-15T12:01:57 IST" skipped="0">
  <testcase classname="iosautomation.Appium.Login" name="VerifyOTP" time="68.439"/>
</testsuite> <!-- iosautomation.Appium.Login -->
