<?xml version="1.0" encoding="UTF-8"?>
<!-- Generated by org.testng.reporters.JUnitReportReporter -->
<testsuite hostname="Rakeshs-MacBook-Air.local" failures="0" tests="19" name="Testcases.CZ1_WavePrime" time="515.816" errors="0" timestamp="2025-02-17T16:00:59 IST" skipped="0">
  <testcase classname="Testcases.CZ1_WavePrime" name="Watch_Connection" time="98.180"/>
  <testcase classname="Testcases.CZ1_WavePrime" name="Home_dasboard_components_Check" time="5.516"/>
  <testcase classname="Testcases.CZ1_WavePrime" name="Settings_Features_Display_Check" time="14.311"/>
  <testcase classname="Testcases.CZ1_WavePrime" name="Watch_faces" time="12.074"/>
  <testcase classname="Testcases.CZ1_WavePrime" name="HR" time="8.561"/>
  <testcase classname="Testcases.CZ1_WavePrime" name="sedentary_reminder" time="8.958"/>
  <testcase classname="Testcases.CZ1_WavePrime" name="Alarm" time="25.407"/>
  <testcase classname="Testcases.CZ1_WavePrime" name="Find_My_watch" time="5.747"/>
  <testcase classname="Testcases.CZ1_WavePrime" name="Notifications" time="22.642"/>
  <testcase classname="Testcases.CZ1_WavePrime" name="Weather_Settings" time="11.724"/>
  <testcase classname="Testcases.CZ1_WavePrime" name="Watch_control" time="23.533"/>
  <testcase classname="Testcases.CZ1_WavePrime" name="About_Watch" time="4.254"/>
  <testcase classname="Testcases.CZ1_WavePrime" name="vitals" time="120.543"/>
  <testcase classname="Testcases.CZ1_WavePrime" name="fit_crew" time="10.600"/>
  <testcase classname="Testcases.CZ1_WavePrime" name="My_watch" time="72.448"/>
  <testcase classname="Testcases.CZ1_WavePrime" name="profile" time="47.849"/>
  <testcase classname="Testcases.CZ1_WavePrime" name="boAtcoins" time="10.565"/>
  <testcase classname="Testcases.CZ1_WavePrime" name="watch_disconnection" time="10.497"/>
  <testcase classname="Testcases.CZ1_WavePrime" name="watch_list_screen_display_check_after_disconnection" time="2.407"/>
</testsuite> <!-- Testcases.CZ1_WavePrime -->
