<?xml version="1.0" encoding="UTF-8"?>
<!-- Generated by org.testng.reporters.JUnitReportReporter -->
<testsuite hostname="Rakeshs-MacBook-Air.local" failures="0" tests="24" name="Testcases.Wave_armour2" time="642.189" errors="0" timestamp="2025-02-17T17:14:57 IST" skipped="0">
  <testcase classname="Testcases.Wave_armour2" name="Watch_Connection" time="93.516"/>
  <testcase classname="Testcases.Wave_armour2" name="Home_dasboard_components_Check" time="6.061"/>
  <testcase classname="Testcases.Wave_armour2" name="Watch_features_Check" time="34.336"/>
  <testcase classname="Testcases.Wave_armour2" name="Watch_faces" time="5.196"/>
  <testcase classname="Testcases.Wave_armour2" name="HR" time="7.997"/>
  <testcase classname="Testcases.Wave_armour2" name="wallet" time="23.327"/>
  <testcase classname="Testcases.Wave_armour2" name="Sedentary" time="8.314"/>
  <testcase classname="Testcases.Wave_armour2" name="alarm" time="24.840"/>
  <testcase classname="Testcases.Wave_armour2" name="Drink_reminder" time="7.409"/>
  <testcase classname="Testcases.Wave_armour2" name="Find_my_watch" time="5.496"/>
  <testcase classname="Testcases.Wave_armour2" name="Camera" time="18.886"/>
  <testcase classname="Testcases.Wave_armour2" name="BT_Calling" time="32.274"/>
  <testcase classname="Testcases.Wave_armour2" name="Weather" time="18.886"/>
  <testcase classname="Testcases.Wave_armour2" name="Additional_Activities" time="26.854"/>
  <testcase classname="Testcases.Wave_armour2" name="Notifications" time="30.919"/>
  <testcase classname="Testcases.Wave_armour2" name="watch_control" time="75.482"/>
  <testcase classname="Testcases.Wave_armour2" name="system_settings" time="18.062"/>
  <testcase classname="Testcases.Wave_armour2" name="fitness_vitals" time="83.831"/>
  <testcase classname="Testcases.Wave_armour2" name="My_watch" time="37.936"/>
  <testcase classname="Testcases.Wave_armour2" name="Fit_crew" time="10.523"/>
  <testcase classname="Testcases.Wave_armour2" name="profile" time="48.160"/>
  <testcase classname="Testcases.Wave_armour2" name="boAtcoins" time="10.667"/>
  <testcase classname="Testcases.Wave_armour2" name="watch_disconnection" time="10.837"/>
  <testcase classname="Testcases.Wave_armour2" name="watch_list_screen_display_check_after_disconnection" time="2.380"/>
</testsuite> <!-- Testcases.Wave_armour2 -->
