<?xml version="1.0" encoding="UTF-8"?>
<!-- Generated by org.testng.reporters.JUnitReportReporter -->
<testsuite hostname="Rakeshs-MacBook-Air.local" failures="0" tests="18" name="Testcases.ULC2BT_BeatCall" time="502.574" errors="0" timestamp="2025-02-17T15:40:00 IST" skipped="0">
  <testcase classname="Testcases.ULC2BT_BeatCall" name="Watch_Connection" time="110.640"/>
  <testcase classname="Testcases.ULC2BT_BeatCall" name="Home_dasboard_components_Check" time="6.352"/>
  <testcase classname="Testcases.ULC2BT_BeatCall" name="Settings_Features_Display_Check" time="14.044"/>
  <testcase classname="Testcases.ULC2BT_BeatCall" name="Watch_faces" time="21.426"/>
  <testcase classname="Testcases.ULC2BT_BeatCall" name="HR" time="7.677"/>
  <testcase classname="Testcases.ULC2BT_BeatCall" name="sedentary_reminder" time="8.153"/>
  <testcase classname="Testcases.ULC2BT_BeatCall" name="Alarm" time="25.236"/>
  <testcase classname="Testcases.ULC2BT_BeatCall" name="Find_My_watch" time="5.188"/>
  <testcase classname="Testcases.ULC2BT_BeatCall" name="Bluetooth_calling" time="4.125"/>
  <testcase classname="Testcases.ULC2BT_BeatCall" name="Notifications" time="10.679"/>
  <testcase classname="Testcases.ULC2BT_BeatCall" name="Watch_control" time="24.852"/>
  <testcase classname="Testcases.ULC2BT_BeatCall" name="About_Watch" time="4.173"/>
  <testcase classname="Testcases.ULC2BT_BeatCall" name="vitals" time="91.810"/>
  <testcase classname="Testcases.ULC2BT_BeatCall" name="My_watch" time="29.047"/>
  <testcase classname="Testcases.ULC2BT_BeatCall" name="profile" time="38.658"/>
  <testcase classname="Testcases.ULC2BT_BeatCall" name="WatchFaceStudio" time="88.399"/>
  <testcase classname="Testcases.ULC2BT_BeatCall" name="watch_disconnection" time="10.354"/>
  <testcase classname="Testcases.ULC2BT_BeatCall" name="watch_list_screen_display_check_after_disconnection" time="1.761"/>
</testsuite> <!-- Testcases.ULC2BT_BeatCall -->
