<?xml version="1.0" encoding="UTF-8"?>
<!-- Generated by org.testng.reporters.JUnitReportReporter -->
<testsuite hostname="Rakeshs-MacBook-Air.local" failures="0" tests="19" name="Testcases.Lunar_connect_ace" time="510.824" errors="0" timestamp="2025-02-17T17:01:16 IST" skipped="0">
  <testcase classname="Testcases.Lunar_connect_ace" name="Watch_Connection" time="104.790"/>
  <testcase classname="Testcases.Lunar_connect_ace" name="Home_dasboard_components_Check" time="6.102"/>
  <testcase classname="Testcases.Lunar_connect_ace" name="Watch_features_Check" time="14.370"/>
  <testcase classname="Testcases.Lunar_connect_ace" name="Watch_faces" time="12.660"/>
  <testcase classname="Testcases.Lunar_connect_ace" name="HR" time="7.920"/>
  <testcase classname="Testcases.Lunar_connect_ace" name="Sedentary" time="8.764"/>
  <testcase classname="Testcases.Lunar_connect_ace" name="alarm" time="8.815"/>
  <testcase classname="Testcases.Lunar_connect_ace" name="BT_Calling" time="23.852"/>
  <testcase classname="Testcases.Lunar_connect_ace" name="Weather" time="18.844"/>
  <testcase classname="Testcases.Lunar_connect_ace" name="Notifications" time="12.688"/>
  <testcase classname="Testcases.Lunar_connect_ace" name="watch_control" time="24.746"/>
  <testcase classname="Testcases.Lunar_connect_ace" name="system_settings" time="18.074"/>
  <testcase classname="Testcases.Lunar_connect_ace" name="fitness_vitals" time="117.709"/>
  <testcase classname="Testcases.Lunar_connect_ace" name="My_watch" time="50.412"/>
  <testcase classname="Testcases.Lunar_connect_ace" name="Fit_crew" time="10.457"/>
  <testcase classname="Testcases.Lunar_connect_ace" name="profile" time="47.236"/>
  <testcase classname="Testcases.Lunar_connect_ace" name="boAtcoins" time="10.573"/>
  <testcase classname="Testcases.Lunar_connect_ace" name="watch_disconnection" time="10.383"/>
  <testcase classname="Testcases.Lunar_connect_ace" name="watch_list_screen_display_check_after_disconnection" time="2.429"/>
</testsuite> <!-- Testcases.Lunar_connect_ace -->
