<?xml version="1.0" encoding="UTF-8"?>
<!-- Generated by org.testng.reporters.JUnitReportReporter -->
<testsuite hostname="Rakeshs-MacBook-Air.local" failures="0" tests="26" name="Testcases.Strom_Connect_plus" time="701.413" errors="0" timestamp="2025-02-17T16:43:33 IST" skipped="0">
  <testcase classname="Testcases.Strom_Connect_plus" name="Watch_Connection" time="102.316"/>
  <testcase classname="Testcases.Strom_Connect_plus" name="Home_dasboard_components_Check" time="5.900"/>
  <testcase classname="Testcases.Strom_Connect_plus" name="Watch_features_Check" time="36.546"/>
  <testcase classname="Testcases.Strom_Connect_plus" name="Watch_faces" time="13.113"/>
  <testcase classname="Testcases.Strom_Connect_plus" name="HR" time="8.213"/>
  <testcase classname="Testcases.Strom_Connect_plus" name="Auto_spo2" time="13.356"/>
  <testcase classname="Testcases.Strom_Connect_plus" name="Auto_stress" time="13.953"/>
  <testcase classname="Testcases.Strom_Connect_plus" name="Sedentary" time="9.858"/>
  <testcase classname="Testcases.Strom_Connect_plus" name="alarm" time="25.521"/>
  <testcase classname="Testcases.Strom_Connect_plus" name="Event_reminder" time="53.769"/>
  <testcase classname="Testcases.Strom_Connect_plus" name="Drink_reminder" time="17.035"/>
  <testcase classname="Testcases.Strom_Connect_plus" name="Find_my_watch" time="6.867"/>
  <testcase classname="Testcases.Strom_Connect_plus" name="BT_Calling" time="23.971"/>
  <testcase classname="Testcases.Strom_Connect_plus" name="Weather" time="19.195"/>
  <testcase classname="Testcases.Strom_Connect_plus" name="Shortcuts" time="5.631"/>
  <testcase classname="Testcases.Strom_Connect_plus" name="Sports_type" time="8.824"/>
  <testcase classname="Testcases.Strom_Connect_plus" name="Notifications" time="12.887"/>
  <testcase classname="Testcases.Strom_Connect_plus" name="watch_control" time="33.153"/>
  <testcase classname="Testcases.Strom_Connect_plus" name="system_settings" time="17.389"/>
  <testcase classname="Testcases.Strom_Connect_plus" name="fitness_vitals" time="118.906"/>
  <testcase classname="Testcases.Strom_Connect_plus" name="My_watch" time="73.726"/>
  <testcase classname="Testcases.Strom_Connect_plus" name="Fit_crew" time="10.448"/>
  <testcase classname="Testcases.Strom_Connect_plus" name="profile" time="47.194"/>
  <testcase classname="Testcases.Strom_Connect_plus" name="boAtcoins" time="10.565"/>
  <testcase classname="Testcases.Strom_Connect_plus" name="watch_disconnection" time="10.644"/>
  <testcase classname="Testcases.Strom_Connect_plus" name="watch_list_screen_display_check_after_disconnection" time="2.433"/>
</testsuite> <!-- Testcases.Strom_Connect_plus -->
